
---------Log Time:2020-04-15 12:49:57.944--------
【调试消息】 (FormMain_FormClosed) 程序退出

---------Log Time:2020-04-15 15:20:24.283--------
【调试消息】 (FormMain_FormClosed) 程序退出

---------Log Time:2020-04-15 15:22:39.230--------
【错误消息】 (DealHttpDataBLL/ReceiveHttpData) 收到LoginResquest登录请求！处理结果:登录成功

---------Log Time:2020-04-15 15:24:07.747--------
【错误消息】 (提示信息：) 读取数据中--读卡器IDbcddc2508f47未绑定对应仓库

---------Log Time:2020-04-15 15:24:07.747--------
【错误消息】 (提示信息：) 读取数据中--读卡器IDbcddc2508f50未绑定对应仓库

---------Log Time:2020-04-15 15:24:07.748--------
【错误消息】 (提示信息：) 读取数据中--读卡器IDbcddc2508f57未绑定对应仓库

---------Log Time:2020-04-15 15:24:07.750--------
【错误消息】 (提示信息：) 读取数据中--读卡器IDbcddc250916c未绑定对应仓库

---------Log Time:2020-04-15 15:24:07.751--------
【错误消息】 (提示信息：) 读取数据中--读卡器IDbcddc2509c4d未绑定对应仓库

---------Log Time:2020-04-15 15:24:07.752--------
【错误消息】 (提示信息：) 读取数据中--读卡器IDbcddc25096c5未绑定对应仓库

---------Log Time:2020-04-15 15:24:07.752--------
【错误消息】 (提示信息：) 读取数据中--读卡器ID2cf432588e0c未绑定对应仓库

---------Log Time:2020-04-15 15:24:07.753--------
【错误消息】 (提示信息：) 读取数据中--读卡器IDbcddc2508fad未绑定对应仓库

---------Log Time:2020-04-15 15:24:07.754--------
【错误消息】 (提示信息：) 读取数据中--读卡器IDbcddc2509bca未绑定对应仓库

---------Log Time:2020-04-15 15:24:07.754--------
【错误消息】 (提示信息：) 读取数据中--读卡器IDbcddc2508f48未绑定对应仓库

---------Log Time:2020-04-15 15:24:07.755--------
【错误消息】 (提示信息：) 读取数据中--读卡器ID2cf432588e04未绑定对应仓库

---------Log Time:2020-04-15 15:24:07.755--------
【错误消息】 (提示信息：) 读取数据中--读卡器IDbcddc25096c4未绑定对应仓库

---------Log Time:2020-04-15 15:24:07.756--------
【错误消息】 (提示信息：) 读取数据中--读卡器IDbcddc2508f49未绑定对应仓库

---------Log Time:2020-04-15 15:24:07.756--------
【错误消息】 (提示信息：) 读取数据中--读卡器ID2cf432588e0f未绑定对应仓库

---------Log Time:2020-04-15 15:24:07.757--------
【错误消息】 (提示信息：) 读取数据中--读卡器IDbcddc25096b7未绑定对应仓库

---------Log Time:2020-04-15 15:24:08.711--------
【错误消息】 (提示信息：) 设备编码:b3fb5e7a-b7ea-48f7-ad90-2a4bd6172951,设备名称:测绑设备五 未绑定RFID卡

---------Log Time:2020-04-15 15:24:09.378--------
【错误消息】 (提示信息：) 设备编码:e9a9fc11-12cb-47ae-9e24-fd3a111d2237,设备名称:测绑设备四 未绑定RFID卡

---------Log Time:2020-04-15 15:24:09.725--------
【错误消息】 (提示信息：) 设备编码:635c2ffb-38d2-4371-9f46-88e0b52788da,设备名称:测绑设备三 未绑定RFID卡

---------Log Time:2020-04-15 15:25:08.605--------
【错误消息】 (提示信息：) 读取数据中--读卡器IDbcddc2508f47未绑定对应仓库

---------Log Time:2020-04-15 15:25:08.606--------
【错误消息】 (提示信息：) 读取数据中--读卡器IDbcddc2508f50未绑定对应仓库

---------Log Time:2020-04-15 15:25:08.606--------
【错误消息】 (提示信息：) 读取数据中--读卡器IDbcddc2508f57未绑定对应仓库

---------Log Time:2020-04-15 15:25:08.608--------
【错误消息】 (提示信息：) 读取数据中--读卡器IDbcddc250916c未绑定对应仓库

---------Log Time:2020-04-15 15:25:08.609--------
【错误消息】 (提示信息：) 读取数据中--读卡器IDbcddc2509c4d未绑定对应仓库

---------Log Time:2020-04-15 15:25:08.609--------
【错误消息】 (提示信息：) 读取数据中--读卡器IDbcddc25096c5未绑定对应仓库

---------Log Time:2020-04-15 15:25:08.609--------
【错误消息】 (提示信息：) 读取数据中--读卡器ID2cf432588e0c未绑定对应仓库

---------Log Time:2020-04-15 15:25:08.610--------
【错误消息】 (提示信息：) 读取数据中--读卡器IDbcddc2508fad未绑定对应仓库

---------Log Time:2020-04-15 15:25:08.610--------
【错误消息】 (提示信息：) 读取数据中--读卡器IDbcddc2509bca未绑定对应仓库

---------Log Time:2020-04-15 15:25:08.611--------
【错误消息】 (提示信息：) 读取数据中--读卡器IDbcddc2508f48未绑定对应仓库

---------Log Time:2020-04-15 15:25:08.612--------
【错误消息】 (提示信息：) 读取数据中--读卡器ID2cf432588e04未绑定对应仓库

---------Log Time:2020-04-15 15:25:08.613--------
【错误消息】 (提示信息：) 读取数据中--读卡器IDbcddc25096c4未绑定对应仓库

---------Log Time:2020-04-15 15:25:08.613--------
【错误消息】 (提示信息：) 读取数据中--读卡器IDbcddc2508f49未绑定对应仓库

---------Log Time:2020-04-15 15:25:08.614--------
【错误消息】 (提示信息：) 读取数据中--读卡器ID2cf432588e0f未绑定对应仓库

---------Log Time:2020-04-15 15:25:08.615--------
【错误消息】 (提示信息：) 读取数据中--读卡器IDbcddc25096b7未绑定对应仓库

---------Log Time:2020-04-15 15:25:10.272--------
【错误消息】 (提示信息：) 设备编码:b3fb5e7a-b7ea-48f7-ad90-2a4bd6172951,设备名称:测绑设备五 未绑定RFID卡

---------Log Time:2020-04-15 15:25:11.152--------
【错误消息】 (提示信息：) 设备编码:e9a9fc11-12cb-47ae-9e24-fd3a111d2237,设备名称:测绑设备四 未绑定RFID卡

---------Log Time:2020-04-15 15:25:11.613--------
【错误消息】 (提示信息：) 设备编码:635c2ffb-38d2-4371-9f46-88e0b52788da,设备名称:测绑设备三 未绑定RFID卡

---------Log Time:2020-04-15 15:26:09.475--------
【错误消息】 (提示信息：) 读取数据中--读卡器IDbcddc2508f47未绑定对应仓库

---------Log Time:2020-04-15 15:26:09.476--------
【错误消息】 (提示信息：) 读取数据中--读卡器IDbcddc2508f50未绑定对应仓库

---------Log Time:2020-04-15 15:26:09.477--------
【错误消息】 (提示信息：) 读取数据中--读卡器IDbcddc2508f57未绑定对应仓库

---------Log Time:2020-04-15 15:26:09.477--------
【错误消息】 (提示信息：) 读取数据中--读卡器IDbcddc250916c未绑定对应仓库

---------Log Time:2020-04-15 15:26:09.478--------
【错误消息】 (提示信息：) 读取数据中--读卡器IDbcddc2509c4d未绑定对应仓库

---------Log Time:2020-04-15 15:26:09.478--------
【错误消息】 (提示信息：) 读取数据中--读卡器IDbcddc25096c5未绑定对应仓库

---------Log Time:2020-04-15 15:26:09.479--------
【错误消息】 (提示信息：) 读取数据中--读卡器ID2cf432588e0c未绑定对应仓库

---------Log Time:2020-04-15 15:26:09.480--------
【错误消息】 (提示信息：) 读取数据中--读卡器IDbcddc2508fad未绑定对应仓库

---------Log Time:2020-04-15 15:26:09.480--------
【错误消息】 (提示信息：) 读取数据中--读卡器IDbcddc2509bca未绑定对应仓库

---------Log Time:2020-04-15 15:26:09.481--------
【错误消息】 (提示信息：) 读取数据中--读卡器IDbcddc2508f48未绑定对应仓库

---------Log Time:2020-04-15 15:26:09.481--------
【错误消息】 (提示信息：) 读取数据中--读卡器ID2cf432588e04未绑定对应仓库

---------Log Time:2020-04-15 15:26:09.482--------
【错误消息】 (提示信息：) 读取数据中--读卡器IDbcddc25096c4未绑定对应仓库

---------Log Time:2020-04-15 15:26:09.482--------
【错误消息】 (提示信息：) 读取数据中--读卡器IDbcddc2508f49未绑定对应仓库

---------Log Time:2020-04-15 15:26:09.483--------
【错误消息】 (提示信息：) 读取数据中--读卡器ID2cf432588e0f未绑定对应仓库

---------Log Time:2020-04-15 15:26:09.483--------
【错误消息】 (提示信息：) 读取数据中--读卡器IDbcddc25096b7未绑定对应仓库

---------Log Time:2020-04-15 15:26:10.767--------
【错误消息】 (提示信息：) 设备编码:b3fb5e7a-b7ea-48f7-ad90-2a4bd6172951,设备名称:测绑设备五 未绑定RFID卡

---------Log Time:2020-04-15 15:26:11.600--------
【错误消息】 (提示信息：) 设备编码:e9a9fc11-12cb-47ae-9e24-fd3a111d2237,设备名称:测绑设备四 未绑定RFID卡

---------Log Time:2020-04-15 15:26:12.093--------
【错误消息】 (提示信息：) 设备编码:635c2ffb-38d2-4371-9f46-88e0b52788da,设备名称:测绑设备三 未绑定RFID卡

---------Log Time:2020-04-15 15:29:36.120--------
【错误消息】 (DealHttpDataBLL/ReceiveHttpData) 收到LoginResquest登录请求！处理结果:登录成功
